<?xml version="1.0" encoding="UTF-8"?>
<testsuite name="Tests.ST_CLI_ACC_UPD_LoggedInUserChangesPassword_Test" tests="1" skipped="0" failures="0" errors="0" timestamp="2016-11-28T18:02:51" hostname="Tester-2" time="139.726">
  <properties/>
  <testcase name="testLoggedInUserChangesPassword" classname="Tests.ST_CLI_ACC_UPD_LoggedInUserChangesPassword_Test" time="139.726"/>
  <system-out><![CDATA[nav-title nav-title-login e-copytext6
nav-title nav-title-login e-copytext6
Connect button isn't display page will be reloaded
nav-title nav-title-login e-copytext6
nav-title nav-title-login e-copytext6
nav-title nav-title-login e-copytext6
Frame is loading
[[FirefoxDriver: firefox on WINDOWS (e20cc70c-03d0-4f4c-9ba4-3d6c40d35d75)] -> xpath: //div[@class='secondary-bar action-bar']/ul/li/div/a[@class='nav-title nav-title-login e-copytext6' and contains(@href,'#')]]
Frame is loading
[[FirefoxDriver: firefox on WINDOWS (e20cc70c-03d0-4f4c-9ba4-3d6c40d35d75)] -> xpath: //div[@class='secondary-bar action-bar']/ul/li/div/a[@class='nav-title nav-title-login e-copytext6 nav-title-active' and contains(@href,'#')]]
Index page: wait of user is loading
]]></system-out>
  <system-err><![CDATA[]]></system-err>
</testsuite>
