<?xml version="1.0" encoding="UTF-8"?>
<testsuite name="Tests.ST_CAN_CFG_RST_AnonymousUserConfiguresCarAndResetsConfiguration_Test" tests="1" skipped="0" failures="0" errors="0" timestamp="2016-11-18T12:44:14" hostname="Tester-3" time="69.202">
  <properties/>
  <testcase name="testAnonymousUserConfiguresCarAndResetsConfiguration" classname="Tests.ST_CAN_CFG_RST_AnonymousUserConfiguresCarAndResetsConfiguration_Test" time="69.202"/>
  <system-out><![CDATA[]]></system-out>
  <system-err><![CDATA[]]></system-err>
</testsuite>
