<?xml version="1.0" encoding="UTF-8"?>
<testsuite name="Tests.ST_CAN_REQ_CRE_AnonymousUserOrdersBrochure_Test" tests="3" skipped="0" failures="0" errors="0" timestamp="2016-11-18T12:47:41" hostname="Tester-3" time="33.687">
  <properties/>
  <testcase name="testBroschüreBestellen" classname="Tests.ST_CAN_REQ_CRE_AnonymousUserOrdersBrochure_Test" time="5.634"/>
  <testcase name="testSelectBroschüreAndFillForm" classname="Tests.ST_CAN_REQ_CRE_AnonymousUserOrdersBrochure_Test" time="8.72"/>
  <testcase name="testSelectBroschüreBestellenFromSideNavigator" classname="Tests.ST_CAN_REQ_CRE_AnonymousUserOrdersBrochure_Test" time="10.956"/>
  <system-out><![CDATA[Feedback form is Visible
Adresstyp field is marked with asteriks
Anrede field is marked with asteriks
Vorname field is marked with asterisk
Nachname field is marked with asteriks
Straße field is marked with asteriks
PLZ field is marked with asterisk
Wohnort field is marked with asterisk
Email field is marked with asterisk
Informationsmaterial field is marked with asterisk
Per Telefon field is marked with asterisk
Per Elektronischer Post field is marked with asterisk
Per Post field is marked with asterisk
Success page is displayed
Adresstyp field is marked with asteriks
Anrede field is marked with asteriks
Vorname field is marked with asterisk
Nachname field is marked with asteriks
Straße field is marked with asteriks
PLZ field is marked with asterisk
Wohnort field is marked with asterisk
Email field is marked with asterisk
Informationsmaterial field is marked with asterisk
Per Telefon field is marked with asterisk
Per Elektronischer Post field is marked with asterisk
Per Post field is marked with asterisk
]]></system-out>
  <system-err><![CDATA[]]></system-err>
</testsuite>
