<?xml version="1.0" encoding="UTF-8"?>
<testsuite name="Tests.ST_CLI_ACC_OUT_LoggedInUserLogsOutViaConnectMenu_Test" tests="1" skipped="0" failures="0" errors="0" timestamp="2016-11-18T12:54:08" hostname="Tester-3" time="113.228">
  <properties/>
  <testcase name="testLoggedInUserLogsOutViaConnectMenu" classname="Tests.ST_CLI_ACC_OUT_LoggedInUserLogsOutViaConnectMenu_Test" time="113.228"/>
  <system-out><![CDATA[]]></system-out>
  <system-err><![CDATA[]]></system-err>
</testsuite>
